<html>
<head>
<title>TestNG:  Default test</title>
<link href="../testng.css" rel="stylesheet" type="text/css" />
<link href="../my-testng.css" rel="stylesheet" type="text/css" />

<style type="text/css">
.log { display: none;} 
.stack-trace { display: none;} 
</style>
<script type="text/javascript">
<!--
function flip(e) {
  current = e.style.display;
  if (current == 'block') {
    e.style.display = 'none';
    return 0;
  }
  else {
    e.style.display = 'block';
    return 1;
  }
}

function toggleBox(szDivId, elem, msg1, msg2)
{
  var res = -1;  if (document.getElementById) {
    res = flip(document.getElementById(szDivId));
  }
  else if (document.all) {
    // this is the way old msie versions work
    res = flip(document.all[szDivId]);
  }
  if(elem) {
    if(res == 0) elem.innerHTML = msg1; else elem.innerHTML = msg2;
  }

}

function toggleAllBoxes() {
  if (document.getElementsByTagName) {
    d = document.getElementsByTagName('div');
    for (i = 0; i < d.length; i++) {
      if (d[i].className == 'log') {
        flip(d[i]);
      }
    }
  }
}

// -->
</script>

</head>
<body>
<h2 align='center'>Default test</h2><table border='1' align="center">
<tr>
<td>Tests passed/Failed/Skipped:</td><td>1/10/0</td>
</tr><tr>
<td>Started on:</td><td>Thu Jan 04 21:29:34 EST 2024</td>
</tr>
<tr><td>Total time:</td><td>4 seconds (4154 ms)</td>
</tr><tr>
<td>Included groups:</td><td></td>
</tr><tr>
<td>Excluded groups:</td><td></td>
</tr>
</table><p/>
<small><i>(Hover the method name to see the test class name)</i></small><p/>
<table width='100%' border='1' class='invocation-failed'>
<tr><td colspan='4' align='center'><b>FAILED TESTS</b></td></tr>
<tr><td><b>Test method</b></td>
<td><b>Attribute(s)</b></td>
<td width="30%"><b>Exception</b></td>
<td width="10%"><b>Time (seconds)</b></td>
<td><b>Instance</b></td>
</tr>
<tr>
<td title='testrunner.testngrunner.runScenario()'><b>runScenario</b><br>Test class: testrunner.testngrunner<br>Test method: Runs Cucumber Scenarios<br>Parameters: "valid register", "Automation of register page"</td>
<td><div><pre>java.lang.NullPointerException: Cannot invoke &quot;org.openqa.selenium.WebDriver.findElement(org.openqa.selenium.By)&quot; because &quot;this.driver&quot; is null
	at pom.Registerpom.validlogin(Registerpom.java:66)
	at stepdefinitions.Register.enters_possible_and_to_create_account(Register.java:55)
	at ✽.Enters possible &quot;&lt;username&gt;&quot; &quot;phoenix123/&quot; and &quot;phoenix123/&quot; to create account(file:///Users/sathishkumar/eclipse-workspace/Dsproject/./src/test/resources/features/register.feature:22)
</pre></div><a href='#' onClick='toggleBox("stack-trace689403479", this, "Click to show all stack frames", "Click to hide stack frames")'>Click to show all stack frames</a>
<div class='stack-trace' id='stack-trace689403479'><pre>java.lang.NullPointerException: Cannot invoke &quot;org.openqa.selenium.WebDriver.findElement(org.openqa.selenium.By)&quot; because &quot;this.driver&quot; is null
	at pom.Registerpom.validlogin(Registerpom.java:66)
	at stepdefinitions.Register.enters_possible_and_to_create_account(Register.java:55)
	at ✽.Enters possible &quot;&lt;username&gt;&quot; &quot;phoenix123/&quot; and &quot;phoenix123/&quot; to create account(file:///Users/sathishkumar/eclipse-workspace/Dsproject/./src/test/resources/features/register.feature:22)
</pre></div></td>
<td>0</td>
<td>testrunner.testngrunner@351d00c0</td></tr>
<tr>
<td title='testrunner.testngrunner.runScenario()'><b>runScenario</b><br>Test class: testrunner.testngrunner<br>Test method: Runs Cucumber Scenarios<br>Parameters: "Open Ds Education site to get start", "Automation of DsPortal app  site"</td>
<td><div><pre>org.openqa.selenium.StaleElementReferenceException: stale element reference: stale element not found
  (Session info: chrome=120.0.6099.129)
For documentation on this error, please visit: https://www.selenium.dev/documentation/webdriver/troubleshooting/errors#stale-element-reference-exception
Build info: version: &apos;4.16.0&apos;, revision: &apos;15400459dd*&apos;
System info: os.name: &apos;Mac OS X&apos;, os.arch: &apos;aarch64&apos;, os.version: &apos;13.4&apos;, java.version: &apos;21.0.1&apos;
Driver info: org.openqa.selenium.chrome.ChromeDriver
Command: [9ff63f9735a88508fd67b630bc94d7d8, clickElement {id=D5037E5C82614E69460628A8D2A0CCD4_element_15}]
Capabilities {acceptInsecureCerts: false, browserName: chrome, browserVersion: 120.0.6099.129, chrome: {chromedriverVersion: 120.0.6099.109 (3419140ab66..., userDataDir: /var/folders/gb/z_br60gn0h5...}, fedcm:accounts: true, goog:chromeOptions: {debuggerAddress: localhost:54929}, networkConnectionEnabled: false, pageLoadStrategy: normal, platformName: mac, proxy: Proxy(), se:cdp: ws://localhost:54929/devtoo..., se:cdpVersion: 120.0.6099.129, setWindowRect: true, strictFileInteractability: false, timeouts: {implicit: 0, pageLoad: 300000, script: 30000}, unhandledPromptBehavior: dismiss and notify, webauthn:extension:credBlob: true, webauthn:extension:largeBlob: true, webauthn:extension:minPinLength: true, webauthn:extension:prf: true, webauthn:virtualAuthenticators: true}
Element: [[ChromeDriver: chrome on mac (9ff63f9735a88508fd67b630bc94d7d8)] -&gt; xpath: //*[text()=&apos;Get Started&apos;]]
Session ID: 9ff63f9735a88508fd67b630bc94d7d8
	at java.base/jdk.internal.reflect.DirectConstructorHandleAccessor.newInstance(DirectConstructorHandleAccessor.java:62)
	at java.base/java.lang.reflect.Constructor.newInstanceWithCaller(Constructor.java:502)
	at java.base/java.lang.reflect.Constructor.newInstance(Constructor.java:486)
	at org.openqa.selenium.remote.codec.w3c.W3CHttpResponseCodec.createException(W3CHttpResponseCodec.java:200)
	at org.openqa.selenium.remote.codec.w3c.W3CHttpResponseCodec.decode(W3CHttpResponseCodec.java:133)
	at org.openqa.selenium.remote.codec.w3c.W3CHttpResponseCodec.decode(W3CHttpResponseCodec.java:52)
	at org.openqa.selenium.remote.HttpCommandExecutor.execute(HttpCommandExecutor.java:191)
	at org.openqa.selenium.remote.service.DriverCommandExecutor.invokeExecute(DriverCommandExecutor.java:200)
	at org.openqa.selenium.remote.service.DriverCommandExecutor.execute(DriverCommandExecutor.java:175)
	at org.openqa.selenium.remote.RemoteWebDriver.execute(RemoteWebDriver.java:523)
	at org.openqa.selenium.remote.RemoteWebElement.execute(RemoteWebElement.java:224)
	at org.openqa.selenium.remote.RemoteWebElement.click(RemoteWebElement.java:77)
	at pom.Dsstartpom.start(Dsstartpom.java:16)
	at stepdefinitions.Dsstart.click_get_started_to_enter_into_the_site(Dsstart.java:34)
	at ✽.Click get started to enter into the site(file:///Users/sathishkumar/eclipse-workspace/Dsproject/./src/test/resources/features/Dsstart.feature:7)
</pre></div><a href='#' onClick='toggleBox("stack-trace390860124", this, "Click to show all stack frames", "Click to hide stack frames")'>Click to show all stack frames</a>
<div class='stack-trace' id='stack-trace390860124'><pre>org.openqa.selenium.StaleElementReferenceException: stale element reference: stale element not found
  (Session info: chrome=120.0.6099.129)
For documentation on this error, please visit: https://www.selenium.dev/documentation/webdriver/troubleshooting/errors#stale-element-reference-exception
Build info: version: &apos;4.16.0&apos;, revision: &apos;15400459dd*&apos;
System info: os.name: &apos;Mac OS X&apos;, os.arch: &apos;aarch64&apos;, os.version: &apos;13.4&apos;, java.version: &apos;21.0.1&apos;
Driver info: org.openqa.selenium.chrome.ChromeDriver
Command: [9ff63f9735a88508fd67b630bc94d7d8, clickElement {id=D5037E5C82614E69460628A8D2A0CCD4_element_15}]
Capabilities {acceptInsecureCerts: false, browserName: chrome, browserVersion: 120.0.6099.129, chrome: {chromedriverVersion: 120.0.6099.109 (3419140ab66..., userDataDir: /var/folders/gb/z_br60gn0h5...}, fedcm:accounts: true, goog:chromeOptions: {debuggerAddress: localhost:54929}, networkConnectionEnabled: false, pageLoadStrategy: normal, platformName: mac, proxy: Proxy(), se:cdp: ws://localhost:54929/devtoo..., se:cdpVersion: 120.0.6099.129, setWindowRect: true, strictFileInteractability: false, timeouts: {implicit: 0, pageLoad: 300000, script: 30000}, unhandledPromptBehavior: dismiss and notify, webauthn:extension:credBlob: true, webauthn:extension:largeBlob: true, webauthn:extension:minPinLength: true, webauthn:extension:prf: true, webauthn:virtualAuthenticators: true}
Element: [[ChromeDriver: chrome on mac (9ff63f9735a88508fd67b630bc94d7d8)] -&gt; xpath: //*[text()=&apos;Get Started&apos;]]
Session ID: 9ff63f9735a88508fd67b630bc94d7d8
	at java.base/jdk.internal.reflect.DirectConstructorHandleAccessor.newInstance(DirectConstructorHandleAccessor.java:62)
	at java.base/java.lang.reflect.Constructor.newInstanceWithCaller(Constructor.java:502)
	at java.base/java.lang.reflect.Constructor.newInstance(Constructor.java:486)
	at org.openqa.selenium.remote.codec.w3c.W3CHttpResponseCodec.createException(W3CHttpResponseCodec.java:200)
	at org.openqa.selenium.remote.codec.w3c.W3CHttpResponseCodec.decode(W3CHttpResponseCodec.java:133)
	at org.openqa.selenium.remote.codec.w3c.W3CHttpResponseCodec.decode(W3CHttpResponseCodec.java:52)
	at org.openqa.selenium.remote.HttpCommandExecutor.execute(HttpCommandExecutor.java:191)
	at org.openqa.selenium.remote.service.DriverCommandExecutor.invokeExecute(DriverCommandExecutor.java:200)
	at org.openqa.selenium.remote.service.DriverCommandExecutor.execute(DriverCommandExecutor.java:175)
	at org.openqa.selenium.remote.RemoteWebDriver.execute(RemoteWebDriver.java:523)
	at org.openqa.selenium.remote.RemoteWebElement.execute(RemoteWebElement.java:224)
	at org.openqa.selenium.remote.RemoteWebElement.click(RemoteWebElement.java:77)
	at pom.Dsstartpom.start(Dsstartpom.java:16)
	at stepdefinitions.Dsstart.click_get_started_to_enter_into_the_site(Dsstart.java:34)
	at ✽.Click get started to enter into the site(file:///Users/sathishkumar/eclipse-workspace/Dsproject/./src/test/resources/features/Dsstart.feature:7)
</pre></div></td>
<td>2</td>
<td>testrunner.testngrunner@351d00c0</td></tr>
<tr>
<td title='testrunner.testngrunner.runScenario()'><b>runScenario</b><br>Test class: testrunner.testngrunner<br>Test method: Runs Cucumber Scenarios<br>Parameters: "register", "Automation of register page"</td>
<td><div><pre>java.lang.NullPointerException: Cannot invoke &quot;org.openqa.selenium.WebDriver.switchTo()&quot; because &quot;this.driver&quot; is null
	at pom.Registerpom.udandpwd(Registerpom.java:59)
	at stepdefinitions.Register.enters_and_of_below_values(Register.java:42)
	at ✽.Enters &quot;phoenixteam&quot; &quot;phoneni&quot; and &quot;679787690&quot; of below values(file:///Users/sathishkumar/eclipse-workspace/Dsproject/./src/test/resources/features/register.feature:9)
</pre></div><a href='#' onClick='toggleBox("stack-trace1924419154", this, "Click to show all stack frames", "Click to hide stack frames")'>Click to show all stack frames</a>
<div class='stack-trace' id='stack-trace1924419154'><pre>java.lang.NullPointerException: Cannot invoke &quot;org.openqa.selenium.WebDriver.switchTo()&quot; because &quot;this.driver&quot; is null
	at pom.Registerpom.udandpwd(Registerpom.java:59)
	at stepdefinitions.Register.enters_and_of_below_values(Register.java:42)
	at ✽.Enters &quot;phoenixteam&quot; &quot;phoneni&quot; and &quot;679787690&quot; of below values(file:///Users/sathishkumar/eclipse-workspace/Dsproject/./src/test/resources/features/register.feature:9)
</pre></div></td>
<td>0</td>
<td>testrunner.testngrunner@351d00c0</td></tr>
<tr>
<td title='testrunner.testngrunner.runScenario()'><b>runScenario</b><br>Test class: testrunner.testngrunner<br>Test method: Runs Cucumber Scenarios<br>Parameters: "register", "Automation of register page"</td>
<td><div><pre>java.lang.NullPointerException: Cannot invoke &quot;org.openqa.selenium.WebDriver.switchTo()&quot; because &quot;this.driver&quot; is null
	at pom.Registerpom.udandpwd(Registerpom.java:59)
	at stepdefinitions.Register.enters_and_of_below_values(Register.java:42)
	at ✽.Enters &quot;phoenixteam&quot; &quot;phonex123&quot; and &quot;&quot; of below values(file:///Users/sathishkumar/eclipse-workspace/Dsproject/./src/test/resources/features/register.feature:9)
</pre></div><a href='#' onClick='toggleBox("stack-trace435655633", this, "Click to show all stack frames", "Click to hide stack frames")'>Click to show all stack frames</a>
<div class='stack-trace' id='stack-trace435655633'><pre>java.lang.NullPointerException: Cannot invoke &quot;org.openqa.selenium.WebDriver.switchTo()&quot; because &quot;this.driver&quot; is null
	at pom.Registerpom.udandpwd(Registerpom.java:59)
	at stepdefinitions.Register.enters_and_of_below_values(Register.java:42)
	at ✽.Enters &quot;phoenixteam&quot; &quot;phonex123&quot; and &quot;&quot; of below values(file:///Users/sathishkumar/eclipse-workspace/Dsproject/./src/test/resources/features/register.feature:9)
</pre></div></td>
<td>0</td>
<td>testrunner.testngrunner@351d00c0</td></tr>
<tr>
<td title='testrunner.testngrunner.runScenario()'><b>runScenario</b><br>Test class: testrunner.testngrunner<br>Test method: Runs Cucumber Scenarios<br>Parameters: "register", "Automation of register page"</td>
<td><div><pre>java.lang.NullPointerException: Cannot invoke &quot;org.openqa.selenium.WebDriver.switchTo()&quot; because &quot;this.driver&quot; is null
	at pom.Registerpom.udandpwd(Registerpom.java:59)
	at stepdefinitions.Register.enters_and_of_below_values(Register.java:42)
	at ✽.Enters &quot;phoenixteam&quot; &quot;123344454&quot; and &quot;1123234235&quot; of below values(file:///Users/sathishkumar/eclipse-workspace/Dsproject/./src/test/resources/features/register.feature:9)
</pre></div><a href='#' onClick='toggleBox("stack-trace1499531894", this, "Click to show all stack frames", "Click to hide stack frames")'>Click to show all stack frames</a>
<div class='stack-trace' id='stack-trace1499531894'><pre>java.lang.NullPointerException: Cannot invoke &quot;org.openqa.selenium.WebDriver.switchTo()&quot; because &quot;this.driver&quot; is null
	at pom.Registerpom.udandpwd(Registerpom.java:59)
	at stepdefinitions.Register.enters_and_of_below_values(Register.java:42)
	at ✽.Enters &quot;phoenixteam&quot; &quot;123344454&quot; and &quot;1123234235&quot; of below values(file:///Users/sathishkumar/eclipse-workspace/Dsproject/./src/test/resources/features/register.feature:9)
</pre></div></td>
<td>0</td>
<td>testrunner.testngrunner@351d00c0</td></tr>
<tr>
<td title='testrunner.testngrunner.runScenario()'><b>runScenario</b><br>Test class: testrunner.testngrunner<br>Test method: Runs Cucumber Scenarios<br>Parameters: "register", "Automation of register page"</td>
<td><div><pre>java.lang.NullPointerException: Cannot invoke &quot;org.openqa.selenium.WebDriver.switchTo()&quot; because &quot;this.driver&quot; is null
	at pom.Registerpom.udandpwd(Registerpom.java:59)
	at stepdefinitions.Register.enters_and_of_below_values(Register.java:42)
	at ✽.Enters &quot;&quot; &quot;&quot; and &quot;&quot; of below values(file:///Users/sathishkumar/eclipse-workspace/Dsproject/./src/test/resources/features/register.feature:9)
</pre></div><a href='#' onClick='toggleBox("stack-trace1458298707", this, "Click to show all stack frames", "Click to hide stack frames")'>Click to show all stack frames</a>
<div class='stack-trace' id='stack-trace1458298707'><pre>java.lang.NullPointerException: Cannot invoke &quot;org.openqa.selenium.WebDriver.switchTo()&quot; because &quot;this.driver&quot; is null
	at pom.Registerpom.udandpwd(Registerpom.java:59)
	at stepdefinitions.Register.enters_and_of_below_values(Register.java:42)
	at ✽.Enters &quot;&quot; &quot;&quot; and &quot;&quot; of below values(file:///Users/sathishkumar/eclipse-workspace/Dsproject/./src/test/resources/features/register.feature:9)
</pre></div></td>
<td>0</td>
<td>testrunner.testngrunner@351d00c0</td></tr>
<tr>
<td title='testrunner.testngrunner.runScenario()'><b>runScenario</b><br>Test class: testrunner.testngrunner<br>Test method: Runs Cucumber Scenarios<br>Parameters: "register", "Automation of register page"</td>
<td><div><pre>java.lang.NullPointerException: Cannot invoke &quot;org.openqa.selenium.WebDriver.switchTo()&quot; because &quot;this.driver&quot; is null
	at pom.Registerpom.udandpwd(Registerpom.java:59)
	at stepdefinitions.Register.enters_and_of_below_values(Register.java:42)
	at ✽.Enters &quot;phoenixteam&quot; &quot;&quot; and &quot;&quot; of below values(file:///Users/sathishkumar/eclipse-workspace/Dsproject/./src/test/resources/features/register.feature:9)
</pre></div><a href='#' onClick='toggleBox("stack-trace462685756", this, "Click to show all stack frames", "Click to hide stack frames")'>Click to show all stack frames</a>
<div class='stack-trace' id='stack-trace462685756'><pre>java.lang.NullPointerException: Cannot invoke &quot;org.openqa.selenium.WebDriver.switchTo()&quot; because &quot;this.driver&quot; is null
	at pom.Registerpom.udandpwd(Registerpom.java:59)
	at stepdefinitions.Register.enters_and_of_below_values(Register.java:42)
	at ✽.Enters &quot;phoenixteam&quot; &quot;&quot; and &quot;&quot; of below values(file:///Users/sathishkumar/eclipse-workspace/Dsproject/./src/test/resources/features/register.feature:9)
</pre></div></td>
<td>0</td>
<td>testrunner.testngrunner@351d00c0</td></tr>
<tr>
<td title='testrunner.testngrunner.runScenario()'><b>runScenario</b><br>Test class: testrunner.testngrunner<br>Test method: Runs Cucumber Scenarios<br>Parameters: "home", "Automation of register page"</td>
<td><div><pre>org.openqa.selenium.StaleElementReferenceException: stale element reference: stale element not found
  (Session info: chrome=120.0.6099.129)
For documentation on this error, please visit: https://www.selenium.dev/documentation/webdriver/troubleshooting/errors#stale-element-reference-exception
Build info: version: &apos;4.16.0&apos;, revision: &apos;15400459dd*&apos;
System info: os.name: &apos;Mac OS X&apos;, os.arch: &apos;aarch64&apos;, os.version: &apos;13.4&apos;, java.version: &apos;21.0.1&apos;
Driver info: org.openqa.selenium.chrome.ChromeDriver
Command: [9ff63f9735a88508fd67b630bc94d7d8, clickElement {id=D5037E5C82614E69460628A8D2A0CCD4_element_15}]
Capabilities {acceptInsecureCerts: false, browserName: chrome, browserVersion: 120.0.6099.129, chrome: {chromedriverVersion: 120.0.6099.109 (3419140ab66..., userDataDir: /var/folders/gb/z_br60gn0h5...}, fedcm:accounts: true, goog:chromeOptions: {debuggerAddress: localhost:54929}, networkConnectionEnabled: false, pageLoadStrategy: normal, platformName: mac, proxy: Proxy(), se:cdp: ws://localhost:54929/devtoo..., se:cdpVersion: 120.0.6099.129, setWindowRect: true, strictFileInteractability: false, timeouts: {implicit: 0, pageLoad: 300000, script: 30000}, unhandledPromptBehavior: dismiss and notify, webauthn:extension:credBlob: true, webauthn:extension:largeBlob: true, webauthn:extension:minPinLength: true, webauthn:extension:prf: true, webauthn:virtualAuthenticators: true}
Element: [[ChromeDriver: chrome on mac (9ff63f9735a88508fd67b630bc94d7d8)] -&gt; xpath: //*[text()=&apos;Get Started&apos;]]
Session ID: 9ff63f9735a88508fd67b630bc94d7d8
	at java.base/jdk.internal.reflect.DirectConstructorHandleAccessor.newInstance(DirectConstructorHandleAccessor.java:62)
	at java.base/java.lang.reflect.Constructor.newInstanceWithCaller(Constructor.java:502)
	at java.base/java.lang.reflect.Constructor.newInstance(Constructor.java:486)
	at org.openqa.selenium.remote.codec.w3c.W3CHttpResponseCodec.createException(W3CHttpResponseCodec.java:200)
	at org.openqa.selenium.remote.codec.w3c.W3CHttpResponseCodec.decode(W3CHttpResponseCodec.java:133)
	at org.openqa.selenium.remote.codec.w3c.W3CHttpResponseCodec.decode(W3CHttpResponseCodec.java:52)
	at org.openqa.selenium.remote.HttpCommandExecutor.execute(HttpCommandExecutor.java:191)
	at org.openqa.selenium.remote.service.DriverCommandExecutor.invokeExecute(DriverCommandExecutor.java:200)
	at org.openqa.selenium.remote.service.DriverCommandExecutor.execute(DriverCommandExecutor.java:175)
	at org.openqa.selenium.remote.RemoteWebDriver.execute(RemoteWebDriver.java:523)
	at org.openqa.selenium.remote.RemoteWebElement.execute(RemoteWebElement.java:224)
	at org.openqa.selenium.remote.RemoteWebElement.click(RemoteWebElement.java:77)
	at pom.Dsstartpom.start(Dsstartpom.java:16)
	at stepdefinitions.Register.clicks_register_to_create_username_and_password(Register.java:25)
	at ✽.Clicks register to create username and password(file:///Users/sathishkumar/eclipse-workspace/Dsproject/./src/test/resources/features/register.feature:5)
</pre></div><a href='#' onClick='toggleBox("stack-trace451299964", this, "Click to show all stack frames", "Click to hide stack frames")'>Click to show all stack frames</a>
<div class='stack-trace' id='stack-trace451299964'><pre>org.openqa.selenium.StaleElementReferenceException: stale element reference: stale element not found
  (Session info: chrome=120.0.6099.129)
For documentation on this error, please visit: https://www.selenium.dev/documentation/webdriver/troubleshooting/errors#stale-element-reference-exception
Build info: version: &apos;4.16.0&apos;, revision: &apos;15400459dd*&apos;
System info: os.name: &apos;Mac OS X&apos;, os.arch: &apos;aarch64&apos;, os.version: &apos;13.4&apos;, java.version: &apos;21.0.1&apos;
Driver info: org.openqa.selenium.chrome.ChromeDriver
Command: [9ff63f9735a88508fd67b630bc94d7d8, clickElement {id=D5037E5C82614E69460628A8D2A0CCD4_element_15}]
Capabilities {acceptInsecureCerts: false, browserName: chrome, browserVersion: 120.0.6099.129, chrome: {chromedriverVersion: 120.0.6099.109 (3419140ab66..., userDataDir: /var/folders/gb/z_br60gn0h5...}, fedcm:accounts: true, goog:chromeOptions: {debuggerAddress: localhost:54929}, networkConnectionEnabled: false, pageLoadStrategy: normal, platformName: mac, proxy: Proxy(), se:cdp: ws://localhost:54929/devtoo..., se:cdpVersion: 120.0.6099.129, setWindowRect: true, strictFileInteractability: false, timeouts: {implicit: 0, pageLoad: 300000, script: 30000}, unhandledPromptBehavior: dismiss and notify, webauthn:extension:credBlob: true, webauthn:extension:largeBlob: true, webauthn:extension:minPinLength: true, webauthn:extension:prf: true, webauthn:virtualAuthenticators: true}
Element: [[ChromeDriver: chrome on mac (9ff63f9735a88508fd67b630bc94d7d8)] -&gt; xpath: //*[text()=&apos;Get Started&apos;]]
Session ID: 9ff63f9735a88508fd67b630bc94d7d8
	at java.base/jdk.internal.reflect.DirectConstructorHandleAccessor.newInstance(DirectConstructorHandleAccessor.java:62)
	at java.base/java.lang.reflect.Constructor.newInstanceWithCaller(Constructor.java:502)
	at java.base/java.lang.reflect.Constructor.newInstance(Constructor.java:486)
	at org.openqa.selenium.remote.codec.w3c.W3CHttpResponseCodec.createException(W3CHttpResponseCodec.java:200)
	at org.openqa.selenium.remote.codec.w3c.W3CHttpResponseCodec.decode(W3CHttpResponseCodec.java:133)
	at org.openqa.selenium.remote.codec.w3c.W3CHttpResponseCodec.decode(W3CHttpResponseCodec.java:52)
	at org.openqa.selenium.remote.HttpCommandExecutor.execute(HttpCommandExecutor.java:191)
	at org.openqa.selenium.remote.service.DriverCommandExecutor.invokeExecute(DriverCommandExecutor.java:200)
	at org.openqa.selenium.remote.service.DriverCommandExecutor.execute(DriverCommandExecutor.java:175)
	at org.openqa.selenium.remote.RemoteWebDriver.execute(RemoteWebDriver.java:523)
	at org.openqa.selenium.remote.RemoteWebElement.execute(RemoteWebElement.java:224)
	at org.openqa.selenium.remote.RemoteWebElement.click(RemoteWebElement.java:77)
	at pom.Dsstartpom.start(Dsstartpom.java:16)
	at stepdefinitions.Register.clicks_register_to_create_username_and_password(Register.java:25)
	at ✽.Clicks register to create username and password(file:///Users/sathishkumar/eclipse-workspace/Dsproject/./src/test/resources/features/register.feature:5)
</pre></div></td>
<td>2</td>
<td>testrunner.testngrunner@351d00c0</td></tr>
<tr>
<td title='testrunner.testngrunner.runScenario()'><b>runScenario</b><br>Test class: testrunner.testngrunner<br>Test method: Runs Cucumber Scenarios<br>Parameters: "logout", "Automation of login  site"</td>
<td><div><pre>java.lang.NullPointerException: Cannot invoke &quot;org.openqa.selenium.WebDriver.findElement(org.openqa.selenium.By)&quot; because &quot;this.driver&quot; is null
	at pom.Dslogin.logout(Dslogin.java:118)
	at stepdefinitions.Login.clicks_logout_after_logged_in(Login.java:42)
	at ✽.Clicks logout after logged in(file:///Users/sathishkumar/eclipse-workspace/Dsproject/./src/test/resources/features/login.feature:14)
</pre></div><a href='#' onClick='toggleBox("stack-trace1830124891", this, "Click to show all stack frames", "Click to hide stack frames")'>Click to show all stack frames</a>
<div class='stack-trace' id='stack-trace1830124891'><pre>java.lang.NullPointerException: Cannot invoke &quot;org.openqa.selenium.WebDriver.findElement(org.openqa.selenium.By)&quot; because &quot;this.driver&quot; is null
	at pom.Dslogin.logout(Dslogin.java:118)
	at stepdefinitions.Login.clicks_logout_after_logged_in(Login.java:42)
	at ✽.Clicks logout after logged in(file:///Users/sathishkumar/eclipse-workspace/Dsproject/./src/test/resources/features/login.feature:14)
</pre></div></td>
<td>0</td>
<td>testrunner.testngrunner@351d00c0</td></tr>
<tr>
<td title='testrunner.testngrunner.runScenario()'><b>runScenario</b><br>Test class: testrunner.testngrunner<br>Test method: Runs Cucumber Scenarios<br>Parameters: "Trying to get started in Home page", "Starts without login"</td>
<td><div><pre>org.openqa.selenium.StaleElementReferenceException: stale element reference: stale element not found
  (Session info: chrome=120.0.6099.129)
For documentation on this error, please visit: https://www.selenium.dev/documentation/webdriver/troubleshooting/errors#stale-element-reference-exception
Build info: version: &apos;4.16.0&apos;, revision: &apos;15400459dd*&apos;
System info: os.name: &apos;Mac OS X&apos;, os.arch: &apos;aarch64&apos;, os.version: &apos;13.4&apos;, java.version: &apos;21.0.1&apos;
Driver info: org.openqa.selenium.chrome.ChromeDriver
Command: [9ff63f9735a88508fd67b630bc94d7d8, clickElement {id=D5037E5C82614E69460628A8D2A0CCD4_element_15}]
Capabilities {acceptInsecureCerts: false, browserName: chrome, browserVersion: 120.0.6099.129, chrome: {chromedriverVersion: 120.0.6099.109 (3419140ab66..., userDataDir: /var/folders/gb/z_br60gn0h5...}, fedcm:accounts: true, goog:chromeOptions: {debuggerAddress: localhost:54929}, networkConnectionEnabled: false, pageLoadStrategy: normal, platformName: mac, proxy: Proxy(), se:cdp: ws://localhost:54929/devtoo..., se:cdpVersion: 120.0.6099.129, setWindowRect: true, strictFileInteractability: false, timeouts: {implicit: 0, pageLoad: 300000, script: 30000}, unhandledPromptBehavior: dismiss and notify, webauthn:extension:credBlob: true, webauthn:extension:largeBlob: true, webauthn:extension:minPinLength: true, webauthn:extension:prf: true, webauthn:virtualAuthenticators: true}
Element: [[ChromeDriver: chrome on mac (9ff63f9735a88508fd67b630bc94d7d8)] -&gt; xpath: //*[text()=&apos;Get Started&apos;]]
Session ID: 9ff63f9735a88508fd67b630bc94d7d8
	at java.base/jdk.internal.reflect.DirectConstructorHandleAccessor.newInstance(DirectConstructorHandleAccessor.java:62)
	at java.base/java.lang.reflect.Constructor.newInstanceWithCaller(Constructor.java:502)
	at java.base/java.lang.reflect.Constructor.newInstance(Constructor.java:486)
	at org.openqa.selenium.remote.codec.w3c.W3CHttpResponseCodec.createException(W3CHttpResponseCodec.java:200)
	at org.openqa.selenium.remote.codec.w3c.W3CHttpResponseCodec.decode(W3CHttpResponseCodec.java:133)
	at org.openqa.selenium.remote.codec.w3c.W3CHttpResponseCodec.decode(W3CHttpResponseCodec.java:52)
	at org.openqa.selenium.remote.HttpCommandExecutor.execute(HttpCommandExecutor.java:191)
	at org.openqa.selenium.remote.service.DriverCommandExecutor.invokeExecute(DriverCommandExecutor.java:200)
	at org.openqa.selenium.remote.service.DriverCommandExecutor.execute(DriverCommandExecutor.java:175)
	at org.openqa.selenium.remote.RemoteWebDriver.execute(RemoteWebDriver.java:523)
	at org.openqa.selenium.remote.RemoteWebElement.execute(RemoteWebElement.java:224)
	at org.openqa.selenium.remote.RemoteWebElement.click(RemoteWebElement.java:77)
	at pom.Dsstartpom.start(Dsstartpom.java:16)
	at stepdefinitions.Dsget.trys_to_get_start_by_clicking_get_started(Dsget.java:20)
	at ✽.Trys to get start by clicking Get started(file:///Users/sathishkumar/eclipse-workspace/Dsproject/./src/test/resources/features/dsget.feature:6)
</pre></div><a href='#' onClick='toggleBox("stack-trace1896766497", this, "Click to show all stack frames", "Click to hide stack frames")'>Click to show all stack frames</a>
<div class='stack-trace' id='stack-trace1896766497'><pre>org.openqa.selenium.StaleElementReferenceException: stale element reference: stale element not found
  (Session info: chrome=120.0.6099.129)
For documentation on this error, please visit: https://www.selenium.dev/documentation/webdriver/troubleshooting/errors#stale-element-reference-exception
Build info: version: &apos;4.16.0&apos;, revision: &apos;15400459dd*&apos;
System info: os.name: &apos;Mac OS X&apos;, os.arch: &apos;aarch64&apos;, os.version: &apos;13.4&apos;, java.version: &apos;21.0.1&apos;
Driver info: org.openqa.selenium.chrome.ChromeDriver
Command: [9ff63f9735a88508fd67b630bc94d7d8, clickElement {id=D5037E5C82614E69460628A8D2A0CCD4_element_15}]
Capabilities {acceptInsecureCerts: false, browserName: chrome, browserVersion: 120.0.6099.129, chrome: {chromedriverVersion: 120.0.6099.109 (3419140ab66..., userDataDir: /var/folders/gb/z_br60gn0h5...}, fedcm:accounts: true, goog:chromeOptions: {debuggerAddress: localhost:54929}, networkConnectionEnabled: false, pageLoadStrategy: normal, platformName: mac, proxy: Proxy(), se:cdp: ws://localhost:54929/devtoo..., se:cdpVersion: 120.0.6099.129, setWindowRect: true, strictFileInteractability: false, timeouts: {implicit: 0, pageLoad: 300000, script: 30000}, unhandledPromptBehavior: dismiss and notify, webauthn:extension:credBlob: true, webauthn:extension:largeBlob: true, webauthn:extension:minPinLength: true, webauthn:extension:prf: true, webauthn:virtualAuthenticators: true}
Element: [[ChromeDriver: chrome on mac (9ff63f9735a88508fd67b630bc94d7d8)] -&gt; xpath: //*[text()=&apos;Get Started&apos;]]
Session ID: 9ff63f9735a88508fd67b630bc94d7d8
	at java.base/jdk.internal.reflect.DirectConstructorHandleAccessor.newInstance(DirectConstructorHandleAccessor.java:62)
	at java.base/java.lang.reflect.Constructor.newInstanceWithCaller(Constructor.java:502)
	at java.base/java.lang.reflect.Constructor.newInstance(Constructor.java:486)
	at org.openqa.selenium.remote.codec.w3c.W3CHttpResponseCodec.createException(W3CHttpResponseCodec.java:200)
	at org.openqa.selenium.remote.codec.w3c.W3CHttpResponseCodec.decode(W3CHttpResponseCodec.java:133)
	at org.openqa.selenium.remote.codec.w3c.W3CHttpResponseCodec.decode(W3CHttpResponseCodec.java:52)
	at org.openqa.selenium.remote.HttpCommandExecutor.execute(HttpCommandExecutor.java:191)
	at org.openqa.selenium.remote.service.DriverCommandExecutor.invokeExecute(DriverCommandExecutor.java:200)
	at org.openqa.selenium.remote.service.DriverCommandExecutor.execute(DriverCommandExecutor.java:175)
	at org.openqa.selenium.remote.RemoteWebDriver.execute(RemoteWebDriver.java:523)
	at org.openqa.selenium.remote.RemoteWebElement.execute(RemoteWebElement.java:224)
	at org.openqa.selenium.remote.RemoteWebElement.click(RemoteWebElement.java:77)
	at pom.Dsstartpom.start(Dsstartpom.java:16)
	at stepdefinitions.Dsget.trys_to_get_start_by_clicking_get_started(Dsget.java:20)
	at ✽.Trys to get start by clicking Get started(file:///Users/sathishkumar/eclipse-workspace/Dsproject/./src/test/resources/features/dsget.feature:6)
</pre></div></td>
<td>2</td>
<td>testrunner.testngrunner@351d00c0</td></tr>
</table><p>
<table width='100%' border='1' class='invocation-passed'>
<tr><td colspan='4' align='center'><b>PASSED TESTS</b></td></tr>
<tr><td><b>Test method</b></td>
<td><b>Attribute(s)</b></td>
<td width="30%"><b>Exception</b></td>
<td width="10%"><b>Time (seconds)</b></td>
<td><b>Instance</b></td>
</tr>
<tr>
<td title='testrunner.testngrunner.runScenario()'><b>runScenario</b><br>Test class: testrunner.testngrunner<br>Test method: Runs Cucumber Scenarios<br>Parameters: "Signing in", "Automation of login  site"</td>
<td></td>
<td>3</td>
<td>testrunner.testngrunner@351d00c0</td></tr>
</table><p>
</body>
</html>