{"uuid":"ce5a74d6-9b35-4148-9a46-7324ddf527ba","historyId":"84de89f7e45507739f2185cf08377a05","fullName":"./src/test/resources/features/register.feature:16","labels":[{"name":"tag","value":"c"},{"name":"tag","value":"register"},{"name":"host","value":"Sathishs-MacBook-Air.local"},{"name":"thread","value":"5746@Sathishs-MacBook-Air.local.main(1)"},{"name":"feature","value":"Automation of register page"},{"name":"story","value":"register"},{"name":"suite","value":"Automation of register page"},{"name":"testClass","value":"register"},{"name":"framework","value":"cucumber4jvm"},{"name":"language","value":"java"},{"name":"gherkin_uri","value":"file:///Users/sathishkumar/git/Dsalgo/Dsproject/./src/test/resources/features/register.feature"},{"name":"package","value":"src.test.resources.features.register_feature.Automation of register page"}],"links":[],"name":"register","status":"broken","statusDetails":{"known":false,"muted":false,"flaky":false,"message":"Cannot invoke \"org.openqa.selenium.WebDriver.switchTo()\" because \"this.driver\" is null","trace":"java.lang.NullPointerException: Cannot invoke \"org.openqa.selenium.WebDriver.switchTo()\" because \"this.driver\" is null\n\tat pom.Registerpom.udandpwd(Registerpom.java:59)\n\tat stepdefinitions.Register.enters_and_of_below_values(Register.java:42)\n\tat ✽.Enters \"phoenixteam\" \"123344454\" and \"1123234235\" of below values(file:///Users/sathishkumar/git/Dsalgo/Dsproject/./src/test/resources/features/register.feature:9)\n"},"stage":"finished","steps":[{"name":"Given  clicks Register button","status":"passed","statusDetails":{"known":false,"muted":false,"flaky":false},"stage":"finished","steps":[],"attachments":[],"parameters":[],"start":1704765802196,"stop":1704765802196},{"name":"When  Enters \"phoenixteam\" \"123344454\" and \"1123234235\" of below values","status":"broken","statusDetails":{"known":false,"muted":false,"flaky":false,"message":"Cannot invoke \"org.openqa.selenium.WebDriver.switchTo()\" because \"this.driver\" is null","trace":"java.lang.NullPointerException: Cannot invoke \"org.openqa.selenium.WebDriver.switchTo()\" because \"this.driver\" is null\n\tat pom.Registerpom.udandpwd(Registerpom.java:59)\n\tat stepdefinitions.Register.enters_and_of_below_values(Register.java:42)\n\tat ✽.Enters \"phoenixteam\" \"123344454\" and \"1123234235\" of below values(file:///Users/sathishkumar/git/Dsalgo/Dsproject/./src/test/resources/features/register.feature:9)\n"},"stage":"finished","steps":[],"attachments":[],"parameters":[],"start":1704765802196,"stop":1704765802196},{"name":"Then  Shows Message of creating based on given values","status":"skipped","statusDetails":{"known":false,"muted":false,"flaky":false},"stage":"finished","steps":[],"attachments":[],"parameters":[],"start":1704765802196,"stop":1704765802196}],"attachments":[],"parameters":[{"name":"username","value":"phoenixteam"},{"name":"password","value":"123344454"},{"name":"confirmpassword","value":"1123234235"}],"start":1704765802195,"stop":1704765802197}